{
  "stats": {
    "suites": 10,
    "tests": 14,
    "passes": 12,
    "pending": 0,
    "failures": 2,
    "start": "2019-10-03T16:10:13.196Z",
    "end": "2019-10-03T16:10:13.196Z",
    "duration": 186320,
    "testsRegistered": 14,
    "passPercent": 85.71428571428571,
    "pendingPercent": 0,
    "other": 0,
    "hasOther": false,
    "skipped": 0,
    "hasSkipped": false
  },
  "results": [
    {
      "uuid": "6ebf7528-02c7-459d-84ce-8e0935a476c8",
      "title": "",
      "fullFile": "",
      "file": "",
      "beforeHooks": [],
      "afterHooks": [],
      "tests": [],
      "suites": [
        {
          "uuid": "0273f722-2f14-45e1-98d2-5a24e9c3102e",
          "title": "add two phones from data(fixtures)",
          "fullFile": "",
          "file": "",
          "beforeHooks": [],
          "afterHooks": [],
          "tests": [
            {
              "title": "total of two phones chart equal to last row grand total",
              "fullTitle": "add two phones from data(fixtures) total of two phones chart equal to last row grand total",
              "timedOut": null,
              "duration": 8446,
              "state": "passed",
              "speed": "slow",
              "pass": true,
              "fail": false,
              "pending": false,
              "context": null,
              "code": "var amount = 0; // got to Shop page\nthis.shopPage.shopNavTab.click();\nthis.data.productName.forEach(function (productName) {\n  return cy.addPhoneToCart(productName);\n});\nthis.shopPage.checkOutBtn.click(); // get the product rows slice table remove last 2 rows\nthis.shopPage.allTableRows.then(function (rows) {\n  rows = rows.slice(0, rows.length - 2);\n  rows.each(function (i, el) {\n    var total = el.querySelector(\"td:nth-child(4) strong\") && el.querySelector(\"td:nth-child(4) strong\").innerText;\n    total = parseFloat(total.replace(/\\.|₹/g, \"\").trim());\n    amount += total;\n  });\n});\nthis.shopPage.allTableRows.then(function (rows) {\n  var row = rows[rows.length - 2];\n  var grandTotal = row.querySelector(\"td:last-of-type h3 strong\").innerText;\n  grandTotal = parseFloat(grandTotal.replace(/\\.|₹/g, \"\").trim());\n  expect(amount).equal(grandTotal);\n});",
              "err": {},
              "uuid": "9dcdd0aa-bbd3-45cb-b02d-63d884afcec6",
              "parentUUID": "0273f722-2f14-45e1-98d2-5a24e9c3102e",
              "isHook": false,
              "skipped": false
            }
          ],
          "suites": [],
          "passes": [
            "9dcdd0aa-bbd3-45cb-b02d-63d884afcec6"
          ],
          "failures": [],
          "pending": [],
          "skipped": [],
          "duration": 8446,
          "root": false,
          "rootEmpty": false,
          "_timeout": 2000
        }
      ],
      "passes": [],
      "failures": [],
      "pending": [],
      "skipped": [],
      "duration": 0,
      "root": true,
      "rootEmpty": true,
      "_timeout": 2000
    },
    {
      "uuid": "092e45c0-6633-43dd-afb6-870fcd607afb",
      "title": "",
      "fullFile": "",
      "file": "",
      "beforeHooks": [],
      "afterHooks": [],
      "tests": [],
      "suites": [
        {
          "uuid": "d32bef23-f0f5-46be-b35e-cde474e10a61",
          "title": "test form controls",
          "fullFile": "",
          "file": "",
          "beforeHooks": [],
          "afterHooks": [],
          "tests": [
            {
              "title": "test alerts",
              "fullTitle": "test form controls test alerts",
              "timedOut": null,
              "duration": 13234,
              "state": "passed",
              "speed": "slow",
              "pass": true,
              "fail": false,
              "pending": false,
              "context": null,
              "code": "cy.on(\"window:alert\", function (str) {\n  expect(str).equal(\"Hello , share this practice page and share your knowledge\");\n});\ncy.on(\"window:confirm\", function (str) {\n  expect(str).equal(\"Hello , Are you sure you want to confirm?\");\n});\ncy.get(\"input#alertbtn\").click();\ncy.get(\"input#confirmbtn\").click();",
              "err": {},
              "uuid": "1806574a-5dd5-4dd6-b09a-d852b95415df",
              "parentUUID": "d32bef23-f0f5-46be-b35e-cde474e10a61",
              "isHook": false,
              "skipped": false
            },
            {
              "title": "test links to target _blank",
              "fullTitle": "test form controls test links to target _blank",
              "timedOut": null,
              "duration": 64763,
              "state": "failed",
              "speed": null,
              "pass": false,
              "fail": true,
              "pending": false,
              "context": null,
              "code": "// get <a> element and remove attribute target first\ncy.get(\"#opentab\").invoke(\"removeAttr\", \"target\").click(); // get the current url\ncy.url().should(\"include\", \"qaclickacademy\");\ncy.go(\"back\");",
              "err": {
                "message": "CypressError: Timed out after waiting '60000ms' for your remote page to load.\n\nYour page did not fire its 'load' event within '60000ms'.\n\nYou can try increasing the 'pageLoadTimeout' value in 'cypress.json' to wait longer.\n\nBrowsers will not fire the 'load' event until all stylesheets and scripts are done downloading.\n\nWhen this 'load' event occurs, Cypress will continue running commands.",
                "estack": "CypressError: Timed out after waiting '60000ms' for your remote page to load.\n\nYour page did not fire its 'load' event within '60000ms'.\n\nYou can try increasing the 'pageLoadTimeout' value in 'cypress.json' to wait longer.\n\nBrowsers will not fire the 'load' event until all stylesheets and scripts are done downloading.\n\nWhen this 'load' event occurs, Cypress will continue running commands.\n    at Object.cypressErr (https://rahulshettyacademy.com/__cypress/runner/cypress_runner.js:85348:11)\n    at Object.throwErr (https://rahulshettyacademy.com/__cypress/runner/cypress_runner.js:85303:18)\n    at Object.throwErrByPath (https://rahulshettyacademy.com/__cypress/runner/cypress_runner.js:85335:17)\n    at timedOutWaitingForPageLoad (https://rahulshettyacademy.com/__cypress/runner/cypress_runner.js:73257:17)\n    at https://rahulshettyacademy.com/__cypress/runner/cypress_runner.js:73460:14\n    at tryCatcher (https://rahulshettyacademy.com/__cypress/runner/cypress_runner.js:118962:23)\n    at https://rahulshettyacademy.com/__cypress/runner/cypress_runner.js:114103:41\n    at tryCatcher (https://rahulshettyacademy.com/__cypress/runner/cypress_runner.js:118962:23)\n    at Promise._settlePromiseFromHandler (https://rahulshettyacademy.com/__cypress/runner/cypress_runner.js:116898:31)\n    at Promise._settlePromise (https://rahulshettyacademy.com/__cypress/runner/cypress_runner.js:116955:18)\n    at Promise._settlePromise0 (https://rahulshettyacademy.com/__cypress/runner/cypress_runner.js:117000:10)\n    at Promise._settlePromises (https://rahulshettyacademy.com/__cypress/runner/cypress_runner.js:117075:18)\n    at Async../node_modules/bluebird/js/release/async.js.Async._drainQueue (https://rahulshettyacademy.com/__cypress/runner/cypress_runner.js:113687:16)\n    at Async../node_modules/bluebird/js/release/async.js.Async._drainQueues (https://rahulshettyacademy.com/__cypress/runner/cypress_runner.js:113697:10)\n    at Async.drainQueues (https://rahulshettyacademy.com/__cypress/runner/cypress_runner.js:113571:14)\n    at <anonymous>",
                "diff": null
              },
              "uuid": "059cc962-2cc8-40ed-98a9-cff2e37d0e11",
              "parentUUID": "d32bef23-f0f5-46be-b35e-cde474e10a61",
              "isHook": false,
              "skipped": false
            }
          ],
          "suites": [],
          "passes": [
            "1806574a-5dd5-4dd6-b09a-d852b95415df"
          ],
          "failures": [
            "059cc962-2cc8-40ed-98a9-cff2e37d0e11"
          ],
          "pending": [],
          "skipped": [],
          "duration": 77997,
          "root": false,
          "rootEmpty": false,
          "_timeout": 2000
        }
      ],
      "passes": [],
      "failures": [],
      "pending": [],
      "skipped": [],
      "duration": 0,
      "root": true,
      "rootEmpty": true,
      "_timeout": 2000
    },
    {
      "uuid": "e7978e90-eac9-499c-83cb-9e86d75dc1ad",
      "title": "",
      "fullFile": "",
      "file": "",
      "beforeHooks": [],
      "afterHooks": [],
      "tests": [],
      "suites": [
        {
          "uuid": "32f72ae2-2ca6-4712-9f60-502926c5336a",
          "title": "test form controls",
          "fullFile": "",
          "file": "",
          "beforeHooks": [],
          "afterHooks": [],
          "tests": [
            {
              "title": "test on spawn windows",
              "fullTitle": "test form controls test on spawn windows",
              "timedOut": null,
              "duration": 17850,
              "state": "failed",
              "speed": null,
              "pass": false,
              "fail": true,
              "pending": false,
              "context": null,
              "code": "// take the href url\nvar href;\ncy.get(\"a#opentab\").then(function ($el) {\n  href = $el.attr(\"href\");\n  console.log(\"href: \", href);\n}); // dont work cypress doesnt allow visit two domains\ncy.visit(href);",
              "err": {
                "message": "CypressError: cy.visit() must be called with a URL or an options object containing a URL as its 1st argument",
                "estack": "CypressError: cy.visit() must be called with a URL or an options object containing a URL as its 1st argument\n    at Object.cypressErr (https://rahulshettyacademy.com/__cypress/runner/cypress_runner.js:85348:11)\n    at Object.throwErr (https://rahulshettyacademy.com/__cypress/runner/cypress_runner.js:85303:18)\n    at Object.throwErrByPath (https://rahulshettyacademy.com/__cypress/runner/cypress_runner.js:85335:17)\n    at Context.visit (https://rahulshettyacademy.com/__cypress/runner/cypress_runner.js:73719:16)\n    at https://rahulshettyacademy.com/__cypress/runner/cypress_runner.js:79783:33\n    at tryCatcher (https://rahulshettyacademy.com/__cypress/runner/cypress_runner.js:118962:23)\n    at Promise._settlePromiseFromHandler (https://rahulshettyacademy.com/__cypress/runner/cypress_runner.js:116898:31)\n    at Promise._settlePromise (https://rahulshettyacademy.com/__cypress/runner/cypress_runner.js:116955:18)\n    at Promise._settlePromiseCtx (https://rahulshettyacademy.com/__cypress/runner/cypress_runner.js:116992:10)\n    at Async../node_modules/bluebird/js/release/async.js.Async._drainQueue (https://rahulshettyacademy.com/__cypress/runner/cypress_runner.js:113692:12)\n    at Async../node_modules/bluebird/js/release/async.js.Async._drainQueues (https://rahulshettyacademy.com/__cypress/runner/cypress_runner.js:113697:10)\n    at Async.drainQueues (https://rahulshettyacademy.com/__cypress/runner/cypress_runner.js:113571:14)\n    at <anonymous>",
                "diff": null
              },
              "uuid": "14fcf1ad-a185-4053-8743-c03c8b646822",
              "parentUUID": "32f72ae2-2ca6-4712-9f60-502926c5336a",
              "isHook": false,
              "skipped": false
            }
          ],
          "suites": [],
          "passes": [],
          "failures": [
            "14fcf1ad-a185-4053-8743-c03c8b646822"
          ],
          "pending": [],
          "skipped": [],
          "duration": 17850,
          "root": false,
          "rootEmpty": false,
          "_timeout": 2000
        }
      ],
      "passes": [],
      "failures": [],
      "pending": [],
      "skipped": [],
      "duration": 0,
      "root": true,
      "rootEmpty": true,
      "_timeout": 2000
    },
    {
      "uuid": "6b78417d-323b-4bb1-9621-a0c3725b128f",
      "title": "",
      "fullFile": "",
      "file": "",
      "beforeHooks": [],
      "afterHooks": [],
      "tests": [],
      "suites": [
        {
          "uuid": "f50495ee-ed25-4b15-9a3e-a3733a9f1649",
          "title": "test form controls",
          "fullFile": "",
          "file": "",
          "beforeHooks": [],
          "afterHooks": [],
          "tests": [
            {
              "title": "test checkboxes",
              "fullTitle": "test form controls test checkboxes",
              "timedOut": null,
              "duration": 14119,
              "state": "passed",
              "speed": "slow",
              "pass": true,
              "fail": false,
              "pending": false,
              "context": null,
              "code": "cy.get(\"#checkBoxOption1\").as(\"check1\");\ncy.get(\"@check1\").check().should(\"be.checked\").and(\"have.value\", \"option1\");\ncy.get(\"@check1\").uncheck().should(\"not.be.checked\"); // process all checkboxes\ncy.get('input[type=\"checkbox\"]').check([\"option2\", \"option3\"]);",
              "err": {},
              "uuid": "2e741fe3-97ea-43b3-948d-041fd6f61fca",
              "parentUUID": "f50495ee-ed25-4b15-9a3e-a3733a9f1649",
              "isHook": false,
              "skipped": false
            },
            {
              "title": "test static drowpdown",
              "fullTitle": "test form controls test static drowpdown",
              "timedOut": null,
              "duration": 2865,
              "state": "passed",
              "speed": "slow",
              "pass": true,
              "fail": false,
              "pending": false,
              "context": null,
              "code": "cy.get(\"select#dropdown-class-example\").select(\"option1\").should(\"have.value\", \"option1\");",
              "err": {},
              "uuid": "8e83aaf2-da93-4146-964f-666f0f066dc8",
              "parentUUID": "f50495ee-ed25-4b15-9a3e-a3733a9f1649",
              "isHook": false,
              "skipped": false
            },
            {
              "title": "test dynamic options dropdown",
              "fullTitle": "test form controls test dynamic options dropdown",
              "timedOut": null,
              "duration": 2687,
              "state": "passed",
              "speed": "slow",
              "pass": true,
              "fail": false,
              "pending": false,
              "context": null,
              "code": "cy.get(\"input#autocomplete\").as(\"autocomplete\");\ncy.get(\"@autocomplete\").type(\"gu\");\ncy.get(\"ul#ui-id-1 li.ui-menu-item\").contains(/^Guatemala$/).click();\ncy.get(\"@autocomplete\").should(\"have.value\", \"Guatemala\");",
              "err": {},
              "uuid": "889059e7-ee6f-4b16-b897-94a4c7cbf8cd",
              "parentUUID": "f50495ee-ed25-4b15-9a3e-a3733a9f1649",
              "isHook": false,
              "skipped": false
            },
            {
              "title": "test visible/not visible elements",
              "fullTitle": "test form controls test visible/not visible elements",
              "timedOut": null,
              "duration": 2287,
              "state": "passed",
              "speed": "slow",
              "pass": true,
              "fail": false,
              "pending": false,
              "context": null,
              "code": "cy.get(\"#displayed-text\").as(\"hide-show\"); // when load, el is shown\ncy.get(\"@hide-show\").should(\"be.visible\"); // click hide button\ncy.get(\"input#hide-textbox\").click(); // hide-show el must be invisible\ncy.get(\"@hide-show\").should(\"not.be.visible\"); // click the show button\ncy.get(\"input#show-textbox\").click();\ncy.get(\"@hide-show\").should(\"be.visible\");",
              "err": {},
              "uuid": "fc874b05-89c5-43bd-857e-b5f0e6a50474",
              "parentUUID": "f50495ee-ed25-4b15-9a3e-a3733a9f1649",
              "isHook": false,
              "skipped": false
            }
          ],
          "suites": [],
          "passes": [
            "2e741fe3-97ea-43b3-948d-041fd6f61fca",
            "8e83aaf2-da93-4146-964f-666f0f066dc8",
            "889059e7-ee6f-4b16-b897-94a4c7cbf8cd",
            "fc874b05-89c5-43bd-857e-b5f0e6a50474"
          ],
          "failures": [],
          "pending": [],
          "skipped": [],
          "duration": 21958,
          "root": false,
          "rootEmpty": false,
          "_timeout": 2000
        }
      ],
      "passes": [],
      "failures": [],
      "pending": [],
      "skipped": [],
      "duration": 0,
      "root": true,
      "rootEmpty": true,
      "_timeout": 2000
    },
    {
      "uuid": "d7e223e0-b670-4f01-892c-e0ee7d14dfaa",
      "title": "",
      "fullFile": "",
      "file": "",
      "beforeHooks": [],
      "afterHooks": [],
      "tests": [],
      "suites": [
        {
          "uuid": "84031547-066a-48a3-a249-ab3b81a5b210",
          "title": "Custom Commands",
          "fullFile": "",
          "file": "",
          "beforeHooks": [],
          "afterHooks": [],
          "tests": [
            {
              "title": "test using custom commands",
              "fullTitle": "Custom Commands test using custom commands",
              "timedOut": null,
              "duration": 9182,
              "state": "passed",
              "speed": "slow",
              "pass": true,
              "fail": false,
              "pending": false,
              "context": null,
              "code": "this.data.productName.forEach(function (product) {\n  cy.getPhoneByName(product);\n});",
              "err": {},
              "uuid": "96398bc2-b4f3-4f2f-9685-b8577aad7473",
              "parentUUID": "84031547-066a-48a3-a249-ab3b81a5b210",
              "isHook": false,
              "skipped": false
            }
          ],
          "suites": [],
          "passes": [
            "96398bc2-b4f3-4f2f-9685-b8577aad7473"
          ],
          "failures": [],
          "pending": [],
          "skipped": [],
          "duration": 9182,
          "root": false,
          "rootEmpty": false,
          "_timeout": 2000
        }
      ],
      "passes": [],
      "failures": [],
      "pending": [],
      "skipped": [],
      "duration": 0,
      "root": true,
      "rootEmpty": true,
      "_timeout": 2000
    },
    {
      "uuid": "d5aaecfd-4add-441d-a0e3-418576bfabbf",
      "title": "",
      "fullFile": "",
      "file": "",
      "beforeHooks": [],
      "afterHooks": [],
      "tests": [],
      "suites": [
        {
          "uuid": "42ef1315-0912-4b63-9fe7-78398e8bc21e",
          "title": "test form controls",
          "fullFile": "",
          "file": "",
          "beforeHooks": [],
          "afterHooks": [],
          "tests": [
            {
              "title": "test on hover event",
              "fullTitle": "test form controls test on hover event",
              "timedOut": null,
              "duration": 12312,
              "state": "passed",
              "speed": "slow",
              "pass": true,
              "fail": false,
              "pending": false,
              "context": null,
              "code": "cy.get(\"button#mousehover\").parent().as(\"parent\");\ncy.get(\"@parent\").find(\".mouse-hover-content\").invoke(\"show\");\ncy.get(\"@parent\").find(\".mouse-hover-content\").should(\"be.visible\");",
              "err": {},
              "uuid": "b1f8e9dd-2f21-431b-9a4c-91fd45d376e8",
              "parentUUID": "42ef1315-0912-4b63-9fe7-78398e8bc21e",
              "isHook": false,
              "skipped": false
            }
          ],
          "suites": [],
          "passes": [
            "b1f8e9dd-2f21-431b-9a4c-91fd45d376e8"
          ],
          "failures": [],
          "pending": [],
          "skipped": [],
          "duration": 12312,
          "root": false,
          "rootEmpty": false,
          "_timeout": 2000
        }
      ],
      "passes": [],
      "failures": [],
      "pending": [],
      "skipped": [],
      "duration": 0,
      "root": true,
      "rootEmpty": true,
      "_timeout": 2000
    },
    {
      "uuid": "9a1b7247-9619-40cb-b78d-8c018c3c619e",
      "title": "",
      "fullFile": "",
      "file": "",
      "beforeHooks": [],
      "afterHooks": [],
      "tests": [],
      "suites": [
        {
          "uuid": "11d178a5-5c98-4fd8-9344-edebcda7f9a5",
          "title": "test form controls",
          "fullFile": "",
          "file": "",
          "beforeHooks": [],
          "afterHooks": [],
          "tests": [
            {
              "title": "test tables, 8th row price must be 25",
              "fullTitle": "test form controls test tables, 8th row price must be 25",
              "timedOut": null,
              "duration": 20974,
              "state": "passed",
              "speed": "slow",
              "pass": true,
              "fail": false,
              "pending": false,
              "context": null,
              "code": "cy.get(\"table#product\").find(\"tbody tr\").contains(\"Master Selenium Automation in simple Python Language\").as(\"col\");\ncy.get(\"@col\").parent().find(\"td:nth-of-type(3)\").should(\"have.text\", \"25\");",
              "err": {},
              "uuid": "f26b9bf1-ba26-45ff-ba54-a429cf835b30",
              "parentUUID": "11d178a5-5c98-4fd8-9344-edebcda7f9a5",
              "isHook": false,
              "skipped": false
            }
          ],
          "suites": [],
          "passes": [
            "f26b9bf1-ba26-45ff-ba54-a429cf835b30"
          ],
          "failures": [],
          "pending": [],
          "skipped": [],
          "duration": 20974,
          "root": false,
          "rootEmpty": false,
          "_timeout": 2000
        }
      ],
      "passes": [],
      "failures": [],
      "pending": [],
      "skipped": [],
      "duration": 0,
      "root": true,
      "rootEmpty": true,
      "_timeout": 2000
    },
    {
      "uuid": "b84935dd-f752-4ee3-9b9f-159c78663ea5",
      "title": "",
      "fullFile": "",
      "file": "",
      "beforeHooks": [],
      "afterHooks": [],
      "tests": [],
      "suites": [
        {
          "uuid": "73bccf10-a930-4517-bd27-07347c63d8cd",
          "title": "Testing framework",
          "fullFile": "",
          "file": "",
          "beforeHooks": [],
          "afterHooks": [],
          "tests": [
            {
              "title": "first framework test",
              "fullTitle": "Testing framework first framework test",
              "timedOut": null,
              "duration": 5566,
              "state": "passed",
              "speed": "slow",
              "pass": true,
              "fail": false,
              "pending": false,
              "context": null,
              "code": "this.home.nameControl.type(this.data.name);\nthis.home.emailControl.type(this.data.email);\nthis.home.passControl.type(this.data.password);\nthis.home.radio1Control.check();\nthis.home.selectControl.select(this.data.gender);\nthis.home.radio2Control.check();\nthis.home.bdayControl.type(this.data.date);\nthis.home.twoWayDataBinding.should(\"have.value\", this.data.name); // name must be at least two chars length\nthis.home.nameControl.should(\"have.attr\", \"minlength\", \"2\"); // validate if radio btn Entrepreneur is disabled\nthis.home.entrepRadioBtn.should(\"be.disabled\");",
              "err": {},
              "uuid": "175f59a6-c922-429e-a2da-3803f3dddf2c",
              "parentUUID": "73bccf10-a930-4517-bd27-07347c63d8cd",
              "isHook": false,
              "skipped": false
            }
          ],
          "suites": [],
          "passes": [
            "175f59a6-c922-429e-a2da-3803f3dddf2c"
          ],
          "failures": [],
          "pending": [],
          "skipped": [],
          "duration": 5566,
          "root": false,
          "rootEmpty": false,
          "_timeout": 2000
        }
      ],
      "passes": [],
      "failures": [],
      "pending": [],
      "skipped": [],
      "duration": 0,
      "root": true,
      "rootEmpty": true,
      "_timeout": 2000
    },
    {
      "uuid": "d158357b-0fad-4a3a-b653-ed0c0c865f40",
      "title": "",
      "fullFile": "",
      "file": "",
      "beforeHooks": [],
      "afterHooks": [],
      "tests": [],
      "suites": [
        {
          "uuid": "ae90f287-65be-4929-be3a-bf467978a7f9",
          "title": "First test",
          "fullFile": "",
          "file": "",
          "beforeHooks": [],
          "afterHooks": [],
          "tests": [
            {
              "title": "Go to website",
              "fullTitle": "First test Go to website",
              "timedOut": null,
              "duration": 5585,
              "state": "passed",
              "speed": "slow",
              "pass": true,
              "fail": false,
              "pending": false,
              "context": null,
              "code": "cy.visit(\"https://rahulshettyacademy.com/seleniumPractise/\");\ncy.get('input[type=\"search\"].search-keyword').type(\"ca\");\ncy.wait(2000); // cy.get(\".products > .product:visible\").should(\"have.length\", 4);\n// parent child chaining\n// const products = cy.get(\".products\").find(\".product\");\ncy.get(\".products\").then(function ($products) {\n  expect($products.find(\".product\").length).to.equal(4);\n  $products.find(\".product\").each(function (i, el) {\n    cy.wrap(el).find(\"h4.product-name\").then(function ($t) {\n      if ($t.text().includes(\"Carrot - 1 Kg\")) {\n        el.querySelector(\".product-action button\").click();\n      }\n    });\n  });\n  cy.get(\".cart-info table tbody tr:first > td:nth-of-type(3)\").as(\"cartCounter\");\n  cy.get(\"@cartCounter\").should(\"contain\", \"1\");\n  cy.get(\".cart-info table tbody tr:nth-of-type(2)\").as(\"total\");\n  cy.get(\"@total\").find(\"td:nth-of-type(3) strong\").should(\"contain\", \"56\");\n}); // products.should(\"have.length\", 4);\n// get logo text\ncy.get(\".brand.greenLogo\").as(\"logo\");\ncy.get(\"@logo\").then(function ($el) {\n  expect($el.text().toLowerCase()).to.includes(\"greenkart\");\n});\ncy.get(\"@logo\").should(\"have.text\", \"GREENKART\");",
              "err": {},
              "uuid": "35c43f43-5eaf-44f3-8e43-f8cfa67a9a74",
              "parentUUID": "ae90f287-65be-4929-be3a-bf467978a7f9",
              "isHook": false,
              "skipped": false
            }
          ],
          "suites": [],
          "passes": [
            "35c43f43-5eaf-44f3-8e43-f8cfa67a9a74"
          ],
          "failures": [],
          "pending": [],
          "skipped": [],
          "duration": 5585,
          "root": false,
          "rootEmpty": false,
          "_timeout": 2000
        }
      ],
      "passes": [],
      "failures": [],
      "pending": [],
      "skipped": [],
      "duration": 0,
      "root": true,
      "rootEmpty": true,
      "_timeout": 2000
    },
    {
      "uuid": "3264ce15-6850-4b60-9be5-4fc1d74263ee",
      "title": "",
      "fullFile": "",
      "file": "",
      "beforeHooks": [],
      "afterHooks": [],
      "tests": [],
      "suites": [
        {
          "uuid": "0ce0238e-1608-4cc4-9188-ffa607f848c4",
          "title": "My Second Test Suite",
          "fullFile": "",
          "file": "",
          "beforeHooks": [],
          "afterHooks": [],
          "tests": [
            {
              "title": "test case",
              "fullTitle": "My Second Test Suite test case",
              "timedOut": null,
              "duration": 6450,
              "state": "passed",
              "speed": "slow",
              "pass": true,
              "fail": false,
              "pending": false,
              "context": null,
              "code": "cy.visit(\"https://rahulshettyacademy.com/seleniumPractise/#/\");\ncy.get('input[type=\"search\"].search-keyword').type(\"ca\");\ncy.wait(2000);\ncy.get(\".products\").as(\"products\");\ncy.get(\"@products\").find(\".product\").each(function ($el) {\n  var prodText = $el.find(\"h4.product-name\").text();\n  if (prodText.includes(\"Cashews\")) {\n    $el.find(\"button\").click();\n  }\n});\ncy.get(\".cart-icon > img\").click();\ncy.get(\".cart-preview.active\").find(\".action-block button\").contains(\"PROCEED TO CHECKOUT\").click();\ncy.contains(\"Place Order\").click();",
              "err": {},
              "uuid": "e82908ce-1fad-4d99-a348-93b554540975",
              "parentUUID": "0ce0238e-1608-4cc4-9188-ffa607f848c4",
              "isHook": false,
              "skipped": false
            }
          ],
          "suites": [],
          "passes": [
            "e82908ce-1fad-4d99-a348-93b554540975"
          ],
          "failures": [],
          "pending": [],
          "skipped": [],
          "duration": 6450,
          "root": false,
          "rootEmpty": false,
          "_timeout": 2000
        }
      ],
      "passes": [],
      "failures": [],
      "pending": [],
      "skipped": [],
      "duration": 0,
      "root": true,
      "rootEmpty": true,
      "_timeout": 2000
    }
  ],
  "meta": {
    "mocha": {
      "version": "5.2.0"
    },
    "mochawesome": {
      "options": {
        "quiet": false,
        "reportFilename": "mochawesome",
        "saveHtml": false,
        "saveJson": true,
        "consoleReporter": "spec",
        "useInlineDiffs": false
      },
      "version": "4.1.0"
    },
    "marge": {
      "options": {
        "reportDir": "mochawesome-report",
        "overwrite": false,
        "html": false,
        "json": true,
        "timestamp": "mmddyyyy_HHMMss"
      },
      "version": "4.0.1"
    }
  }
}