{
  "stats": {
    "suites": 1,
    "tests": 1,
    "passes": 1,
    "pending": 0,
    "failures": 0,
    "start": "2019-10-03T15:38:13.449Z",
    "end": "2019-10-03T15:38:21.884Z",
    "duration": 8435,
    "testsRegistered": 1,
    "passPercent": 100,
    "pendingPercent": 0,
    "other": 0,
    "hasOther": false,
    "skipped": 0,
    "hasSkipped": false
  },
  "results": [
    {
      "uuid": "3264ce15-6850-4b60-9be5-4fc1d74263ee",
      "title": "",
      "fullFile": "",
      "file": "",
      "beforeHooks": [],
      "afterHooks": [],
      "tests": [],
      "suites": [
        {
          "uuid": "0ce0238e-1608-4cc4-9188-ffa607f848c4",
          "title": "My Second Test Suite",
          "fullFile": "",
          "file": "",
          "beforeHooks": [],
          "afterHooks": [],
          "tests": [
            {
              "title": "test case",
              "fullTitle": "My Second Test Suite test case",
              "timedOut": null,
              "duration": 6450,
              "state": "passed",
              "speed": "slow",
              "pass": true,
              "fail": false,
              "pending": false,
              "context": null,
              "code": "cy.visit(\"https://rahulshettyacademy.com/seleniumPractise/#/\");\ncy.get('input[type=\"search\"].search-keyword').type(\"ca\");\ncy.wait(2000);\ncy.get(\".products\").as(\"products\");\ncy.get(\"@products\").find(\".product\").each(function ($el) {\n  var prodText = $el.find(\"h4.product-name\").text();\n  if (prodText.includes(\"Cashews\")) {\n    $el.find(\"button\").click();\n  }\n});\ncy.get(\".cart-icon > img\").click();\ncy.get(\".cart-preview.active\").find(\".action-block button\").contains(\"PROCEED TO CHECKOUT\").click();\ncy.contains(\"Place Order\").click();",
              "err": {},
              "uuid": "e82908ce-1fad-4d99-a348-93b554540975",
              "parentUUID": "0ce0238e-1608-4cc4-9188-ffa607f848c4",
              "isHook": false,
              "skipped": false
            }
          ],
          "suites": [],
          "passes": [
            "e82908ce-1fad-4d99-a348-93b554540975"
          ],
          "failures": [],
          "pending": [],
          "skipped": [],
          "duration": 6450,
          "root": false,
          "rootEmpty": false,
          "_timeout": 2000
        }
      ],
      "passes": [],
      "failures": [],
      "pending": [],
      "skipped": [],
      "duration": 0,
      "root": true,
      "rootEmpty": true,
      "_timeout": 2000
    }
  ],
  "meta": {
    "mocha": {
      "version": "5.2.0"
    },
    "mochawesome": {
      "options": {
        "quiet": false,
        "reportFilename": "mochawesome",
        "saveHtml": false,
        "saveJson": true,
        "consoleReporter": "spec",
        "useInlineDiffs": false
      },
      "version": "4.1.0"
    },
    "marge": {
      "options": {
        "reportDir": "mochawesome-report",
        "overwrite": false,
        "html": false,
        "json": true,
        "timestamp": "mmddyyyy_HHMMss"
      },
      "version": "4.0.1"
    }
  }
}