{
  "stats": {
    "suites": 1,
    "tests": 1,
    "passes": 1,
    "pending": 0,
    "failures": 0,
    "start": "2019-10-03T15:38:03.892Z",
    "end": "2019-10-03T15:38:10.849Z",
    "duration": 6957,
    "testsRegistered": 1,
    "passPercent": 100,
    "pendingPercent": 0,
    "other": 0,
    "hasOther": false,
    "skipped": 0,
    "hasSkipped": false
  },
  "results": [
    {
      "uuid": "d158357b-0fad-4a3a-b653-ed0c0c865f40",
      "title": "",
      "fullFile": "",
      "file": "",
      "beforeHooks": [],
      "afterHooks": [],
      "tests": [],
      "suites": [
        {
          "uuid": "ae90f287-65be-4929-be3a-bf467978a7f9",
          "title": "First test",
          "fullFile": "",
          "file": "",
          "beforeHooks": [],
          "afterHooks": [],
          "tests": [
            {
              "title": "Go to website",
              "fullTitle": "First test Go to website",
              "timedOut": null,
              "duration": 5585,
              "state": "passed",
              "speed": "slow",
              "pass": true,
              "fail": false,
              "pending": false,
              "context": null,
              "code": "cy.visit(\"https://rahulshettyacademy.com/seleniumPractise/\");\ncy.get('input[type=\"search\"].search-keyword').type(\"ca\");\ncy.wait(2000); // cy.get(\".products > .product:visible\").should(\"have.length\", 4);\n// parent child chaining\n// const products = cy.get(\".products\").find(\".product\");\ncy.get(\".products\").then(function ($products) {\n  expect($products.find(\".product\").length).to.equal(4);\n  $products.find(\".product\").each(function (i, el) {\n    cy.wrap(el).find(\"h4.product-name\").then(function ($t) {\n      if ($t.text().includes(\"Carrot - 1 Kg\")) {\n        el.querySelector(\".product-action button\").click();\n      }\n    });\n  });\n  cy.get(\".cart-info table tbody tr:first > td:nth-of-type(3)\").as(\"cartCounter\");\n  cy.get(\"@cartCounter\").should(\"contain\", \"1\");\n  cy.get(\".cart-info table tbody tr:nth-of-type(2)\").as(\"total\");\n  cy.get(\"@total\").find(\"td:nth-of-type(3) strong\").should(\"contain\", \"56\");\n}); // products.should(\"have.length\", 4);\n// get logo text\ncy.get(\".brand.greenLogo\").as(\"logo\");\ncy.get(\"@logo\").then(function ($el) {\n  expect($el.text().toLowerCase()).to.includes(\"greenkart\");\n});\ncy.get(\"@logo\").should(\"have.text\", \"GREENKART\");",
              "err": {},
              "uuid": "35c43f43-5eaf-44f3-8e43-f8cfa67a9a74",
              "parentUUID": "ae90f287-65be-4929-be3a-bf467978a7f9",
              "isHook": false,
              "skipped": false
            }
          ],
          "suites": [],
          "passes": [
            "35c43f43-5eaf-44f3-8e43-f8cfa67a9a74"
          ],
          "failures": [],
          "pending": [],
          "skipped": [],
          "duration": 5585,
          "root": false,
          "rootEmpty": false,
          "_timeout": 2000
        }
      ],
      "passes": [],
      "failures": [],
      "pending": [],
      "skipped": [],
      "duration": 0,
      "root": true,
      "rootEmpty": true,
      "_timeout": 2000
    }
  ],
  "meta": {
    "mocha": {
      "version": "5.2.0"
    },
    "mochawesome": {
      "options": {
        "quiet": false,
        "reportFilename": "mochawesome",
        "saveHtml": false,
        "saveJson": true,
        "consoleReporter": "spec",
        "useInlineDiffs": false
      },
      "version": "4.1.0"
    },
    "marge": {
      "options": {
        "reportDir": "mochawesome-report",
        "overwrite": false,
        "html": false,
        "json": true,
        "timestamp": "mmddyyyy_HHMMss"
      },
      "version": "4.0.1"
    }
  }
}