{
  "stats": {
    "suites": 1,
    "tests": 1,
    "passes": 1,
    "pending": 0,
    "failures": 0,
    "start": "2019-10-03T15:36:55.900Z",
    "end": "2019-10-03T15:37:07.087Z",
    "duration": 11187,
    "testsRegistered": 1,
    "passPercent": 100,
    "pendingPercent": 0,
    "other": 0,
    "hasOther": false,
    "skipped": 0,
    "hasSkipped": false
  },
  "results": [
    {
      "uuid": "d7e223e0-b670-4f01-892c-e0ee7d14dfaa",
      "title": "",
      "fullFile": "",
      "file": "",
      "beforeHooks": [],
      "afterHooks": [],
      "tests": [],
      "suites": [
        {
          "uuid": "84031547-066a-48a3-a249-ab3b81a5b210",
          "title": "Custom Commands",
          "fullFile": "",
          "file": "",
          "beforeHooks": [],
          "afterHooks": [],
          "tests": [
            {
              "title": "test using custom commands",
              "fullTitle": "Custom Commands test using custom commands",
              "timedOut": null,
              "duration": 9182,
              "state": "passed",
              "speed": "slow",
              "pass": true,
              "fail": false,
              "pending": false,
              "context": null,
              "code": "this.data.productName.forEach(function (product) {\n  cy.getPhoneByName(product);\n});",
              "err": {},
              "uuid": "96398bc2-b4f3-4f2f-9685-b8577aad7473",
              "parentUUID": "84031547-066a-48a3-a249-ab3b81a5b210",
              "isHook": false,
              "skipped": false
            }
          ],
          "suites": [],
          "passes": [
            "96398bc2-b4f3-4f2f-9685-b8577aad7473"
          ],
          "failures": [],
          "pending": [],
          "skipped": [],
          "duration": 9182,
          "root": false,
          "rootEmpty": false,
          "_timeout": 2000
        }
      ],
      "passes": [],
      "failures": [],
      "pending": [],
      "skipped": [],
      "duration": 0,
      "root": true,
      "rootEmpty": true,
      "_timeout": 2000
    }
  ],
  "meta": {
    "mocha": {
      "version": "5.2.0"
    },
    "mochawesome": {
      "options": {
        "quiet": false,
        "reportFilename": "mochawesome",
        "saveHtml": false,
        "saveJson": true,
        "consoleReporter": "spec",
        "useInlineDiffs": false
      },
      "version": "4.1.0"
    },
    "marge": {
      "options": {
        "reportDir": "mochawesome-report",
        "overwrite": false,
        "html": false,
        "json": true,
        "timestamp": "mmddyyyy_HHMMss"
      },
      "version": "4.0.1"
    }
  }
}