{
  "stats": {
    "suites": 1,
    "tests": 1,
    "passes": 1,
    "pending": 0,
    "failures": 0,
    "start": "2019-10-03T15:37:09.485Z",
    "end": "2019-10-03T15:37:25.510Z",
    "duration": 16025,
    "testsRegistered": 1,
    "passPercent": 100,
    "pendingPercent": 0,
    "other": 0,
    "hasOther": false,
    "skipped": 0,
    "hasSkipped": false
  },
  "results": [
    {
      "uuid": "d5aaecfd-4add-441d-a0e3-418576bfabbf",
      "title": "",
      "fullFile": "",
      "file": "",
      "beforeHooks": [],
      "afterHooks": [],
      "tests": [],
      "suites": [
        {
          "uuid": "42ef1315-0912-4b63-9fe7-78398e8bc21e",
          "title": "test form controls",
          "fullFile": "",
          "file": "",
          "beforeHooks": [],
          "afterHooks": [],
          "tests": [
            {
              "title": "test on hover event",
              "fullTitle": "test form controls test on hover event",
              "timedOut": null,
              "duration": 12312,
              "state": "passed",
              "speed": "slow",
              "pass": true,
              "fail": false,
              "pending": false,
              "context": null,
              "code": "cy.get(\"button#mousehover\").parent().as(\"parent\");\ncy.get(\"@parent\").find(\".mouse-hover-content\").invoke(\"show\");\ncy.get(\"@parent\").find(\".mouse-hover-content\").should(\"be.visible\");",
              "err": {},
              "uuid": "b1f8e9dd-2f21-431b-9a4c-91fd45d376e8",
              "parentUUID": "42ef1315-0912-4b63-9fe7-78398e8bc21e",
              "isHook": false,
              "skipped": false
            }
          ],
          "suites": [],
          "passes": [
            "b1f8e9dd-2f21-431b-9a4c-91fd45d376e8"
          ],
          "failures": [],
          "pending": [],
          "skipped": [],
          "duration": 12312,
          "root": false,
          "rootEmpty": false,
          "_timeout": 2000
        }
      ],
      "passes": [],
      "failures": [],
      "pending": [],
      "skipped": [],
      "duration": 0,
      "root": true,
      "rootEmpty": true,
      "_timeout": 2000
    }
  ],
  "meta": {
    "mocha": {
      "version": "5.2.0"
    },
    "mochawesome": {
      "options": {
        "quiet": false,
        "reportFilename": "mochawesome",
        "saveHtml": false,
        "saveJson": true,
        "consoleReporter": "spec",
        "useInlineDiffs": false
      },
      "version": "4.1.0"
    },
    "marge": {
      "options": {
        "reportDir": "mochawesome-report",
        "overwrite": false,
        "html": false,
        "json": true,
        "timestamp": "mmddyyyy_HHMMss"
      },
      "version": "4.0.1"
    }
  }
}