{
  "stats": {
    "suites": 1,
    "tests": 1,
    "passes": 1,
    "pending": 0,
    "failures": 0,
    "start": "2019-10-03T15:37:27.963Z",
    "end": "2019-10-03T15:37:51.154Z",
    "duration": 23191,
    "testsRegistered": 1,
    "passPercent": 100,
    "pendingPercent": 0,
    "other": 0,
    "hasOther": false,
    "skipped": 0,
    "hasSkipped": false
  },
  "results": [
    {
      "uuid": "9a1b7247-9619-40cb-b78d-8c018c3c619e",
      "title": "",
      "fullFile": "",
      "file": "",
      "beforeHooks": [],
      "afterHooks": [],
      "tests": [],
      "suites": [
        {
          "uuid": "11d178a5-5c98-4fd8-9344-edebcda7f9a5",
          "title": "test form controls",
          "fullFile": "",
          "file": "",
          "beforeHooks": [],
          "afterHooks": [],
          "tests": [
            {
              "title": "test tables, 8th row price must be 25",
              "fullTitle": "test form controls test tables, 8th row price must be 25",
              "timedOut": null,
              "duration": 20974,
              "state": "passed",
              "speed": "slow",
              "pass": true,
              "fail": false,
              "pending": false,
              "context": null,
              "code": "cy.get(\"table#product\").find(\"tbody tr\").contains(\"Master Selenium Automation in simple Python Language\").as(\"col\");\ncy.get(\"@col\").parent().find(\"td:nth-of-type(3)\").should(\"have.text\", \"25\");",
              "err": {},
              "uuid": "f26b9bf1-ba26-45ff-ba54-a429cf835b30",
              "parentUUID": "11d178a5-5c98-4fd8-9344-edebcda7f9a5",
              "isHook": false,
              "skipped": false
            }
          ],
          "suites": [],
          "passes": [
            "f26b9bf1-ba26-45ff-ba54-a429cf835b30"
          ],
          "failures": [],
          "pending": [],
          "skipped": [],
          "duration": 20974,
          "root": false,
          "rootEmpty": false,
          "_timeout": 2000
        }
      ],
      "passes": [],
      "failures": [],
      "pending": [],
      "skipped": [],
      "duration": 0,
      "root": true,
      "rootEmpty": true,
      "_timeout": 2000
    }
  ],
  "meta": {
    "mocha": {
      "version": "5.2.0"
    },
    "mochawesome": {
      "options": {
        "quiet": false,
        "reportFilename": "mochawesome",
        "saveHtml": false,
        "saveJson": true,
        "consoleReporter": "spec",
        "useInlineDiffs": false
      },
      "version": "4.1.0"
    },
    "marge": {
      "options": {
        "reportDir": "mochawesome-report",
        "overwrite": false,
        "html": false,
        "json": true,
        "timestamp": "mmddyyyy_HHMMss"
      },
      "version": "4.0.1"
    }
  }
}