{
  "stats": {
    "suites": 1,
    "tests": 2,
    "passes": 1,
    "pending": 0,
    "failures": 1,
    "start": "2019-10-03T15:34:40.576Z",
    "end": "2019-10-03T15:36:00.387Z",
    "duration": 79811,
    "testsRegistered": 2,
    "passPercent": 50,
    "pendingPercent": 0,
    "other": 0,
    "hasOther": false,
    "skipped": 0,
    "hasSkipped": false
  },
  "results": [
    {
      "uuid": "092e45c0-6633-43dd-afb6-870fcd607afb",
      "title": "",
      "fullFile": "",
      "file": "",
      "beforeHooks": [],
      "afterHooks": [],
      "tests": [],
      "suites": [
        {
          "uuid": "d32bef23-f0f5-46be-b35e-cde474e10a61",
          "title": "test form controls",
          "fullFile": "",
          "file": "",
          "beforeHooks": [],
          "afterHooks": [],
          "tests": [
            {
              "title": "test alerts",
              "fullTitle": "test form controls test alerts",
              "timedOut": null,
              "duration": 13234,
              "state": "passed",
              "speed": "slow",
              "pass": true,
              "fail": false,
              "pending": false,
              "context": null,
              "code": "cy.on(\"window:alert\", function (str) {\n  expect(str).equal(\"Hello , share this practice page and share your knowledge\");\n});\ncy.on(\"window:confirm\", function (str) {\n  expect(str).equal(\"Hello , Are you sure you want to confirm?\");\n});\ncy.get(\"input#alertbtn\").click();\ncy.get(\"input#confirmbtn\").click();",
              "err": {},
              "uuid": "1806574a-5dd5-4dd6-b09a-d852b95415df",
              "parentUUID": "d32bef23-f0f5-46be-b35e-cde474e10a61",
              "isHook": false,
              "skipped": false
            },
            {
              "title": "test links to target _blank",
              "fullTitle": "test form controls test links to target _blank",
              "timedOut": null,
              "duration": 64763,
              "state": "failed",
              "speed": null,
              "pass": false,
              "fail": true,
              "pending": false,
              "context": null,
              "code": "// get <a> element and remove attribute target first\ncy.get(\"#opentab\").invoke(\"removeAttr\", \"target\").click(); // get the current url\ncy.url().should(\"include\", \"qaclickacademy\");\ncy.go(\"back\");",
              "err": {
                "message": "CypressError: Timed out after waiting '60000ms' for your remote page to load.\n\nYour page did not fire its 'load' event within '60000ms'.\n\nYou can try increasing the 'pageLoadTimeout' value in 'cypress.json' to wait longer.\n\nBrowsers will not fire the 'load' event until all stylesheets and scripts are done downloading.\n\nWhen this 'load' event occurs, Cypress will continue running commands.",
                "estack": "CypressError: Timed out after waiting '60000ms' for your remote page to load.\n\nYour page did not fire its 'load' event within '60000ms'.\n\nYou can try increasing the 'pageLoadTimeout' value in 'cypress.json' to wait longer.\n\nBrowsers will not fire the 'load' event until all stylesheets and scripts are done downloading.\n\nWhen this 'load' event occurs, Cypress will continue running commands.\n    at Object.cypressErr (https://rahulshettyacademy.com/__cypress/runner/cypress_runner.js:85348:11)\n    at Object.throwErr (https://rahulshettyacademy.com/__cypress/runner/cypress_runner.js:85303:18)\n    at Object.throwErrByPath (https://rahulshettyacademy.com/__cypress/runner/cypress_runner.js:85335:17)\n    at timedOutWaitingForPageLoad (https://rahulshettyacademy.com/__cypress/runner/cypress_runner.js:73257:17)\n    at https://rahulshettyacademy.com/__cypress/runner/cypress_runner.js:73460:14\n    at tryCatcher (https://rahulshettyacademy.com/__cypress/runner/cypress_runner.js:118962:23)\n    at https://rahulshettyacademy.com/__cypress/runner/cypress_runner.js:114103:41\n    at tryCatcher (https://rahulshettyacademy.com/__cypress/runner/cypress_runner.js:118962:23)\n    at Promise._settlePromiseFromHandler (https://rahulshettyacademy.com/__cypress/runner/cypress_runner.js:116898:31)\n    at Promise._settlePromise (https://rahulshettyacademy.com/__cypress/runner/cypress_runner.js:116955:18)\n    at Promise._settlePromise0 (https://rahulshettyacademy.com/__cypress/runner/cypress_runner.js:117000:10)\n    at Promise._settlePromises (https://rahulshettyacademy.com/__cypress/runner/cypress_runner.js:117075:18)\n    at Async../node_modules/bluebird/js/release/async.js.Async._drainQueue (https://rahulshettyacademy.com/__cypress/runner/cypress_runner.js:113687:16)\n    at Async../node_modules/bluebird/js/release/async.js.Async._drainQueues (https://rahulshettyacademy.com/__cypress/runner/cypress_runner.js:113697:10)\n    at Async.drainQueues (https://rahulshettyacademy.com/__cypress/runner/cypress_runner.js:113571:14)\n    at <anonymous>",
                "diff": null
              },
              "uuid": "059cc962-2cc8-40ed-98a9-cff2e37d0e11",
              "parentUUID": "d32bef23-f0f5-46be-b35e-cde474e10a61",
              "isHook": false,
              "skipped": false
            }
          ],
          "suites": [],
          "passes": [
            "1806574a-5dd5-4dd6-b09a-d852b95415df"
          ],
          "failures": [
            "059cc962-2cc8-40ed-98a9-cff2e37d0e11"
          ],
          "pending": [],
          "skipped": [],
          "duration": 77997,
          "root": false,
          "rootEmpty": false,
          "_timeout": 2000
        }
      ],
      "passes": [],
      "failures": [],
      "pending": [],
      "skipped": [],
      "duration": 0,
      "root": true,
      "rootEmpty": true,
      "_timeout": 2000
    }
  ],
  "meta": {
    "mocha": {
      "version": "5.2.0"
    },
    "mochawesome": {
      "options": {
        "quiet": false,
        "reportFilename": "mochawesome",
        "saveHtml": false,
        "saveJson": true,
        "consoleReporter": "spec",
        "useInlineDiffs": false
      },
      "version": "4.1.0"
    },
    "marge": {
      "options": {
        "reportDir": "mochawesome-report",
        "overwrite": false,
        "html": false,
        "json": true,
        "timestamp": "mmddyyyy_HHMMss"
      },
      "version": "4.0.1"
    }
  }
}