{
  "stats": {
    "suites": 1,
    "tests": 1,
    "passes": 0,
    "pending": 0,
    "failures": 1,
    "start": "2019-10-03T15:36:05.680Z",
    "end": "2019-10-03T15:36:25.778Z",
    "duration": 20098,
    "testsRegistered": 1,
    "passPercent": 0,
    "pendingPercent": 0,
    "other": 0,
    "hasOther": false,
    "skipped": 0,
    "hasSkipped": false
  },
  "results": [
    {
      "uuid": "e7978e90-eac9-499c-83cb-9e86d75dc1ad",
      "title": "",
      "fullFile": "",
      "file": "",
      "beforeHooks": [],
      "afterHooks": [],
      "tests": [],
      "suites": [
        {
          "uuid": "32f72ae2-2ca6-4712-9f60-502926c5336a",
          "title": "test form controls",
          "fullFile": "",
          "file": "",
          "beforeHooks": [],
          "afterHooks": [],
          "tests": [
            {
              "title": "test on spawn windows",
              "fullTitle": "test form controls test on spawn windows",
              "timedOut": null,
              "duration": 17850,
              "state": "failed",
              "speed": null,
              "pass": false,
              "fail": true,
              "pending": false,
              "context": null,
              "code": "// take the href url\nvar href;\ncy.get(\"a#opentab\").then(function ($el) {\n  href = $el.attr(\"href\");\n  console.log(\"href: \", href);\n}); // dont work cypress doesnt allow visit two domains\ncy.visit(href);",
              "err": {
                "message": "CypressError: cy.visit() must be called with a URL or an options object containing a URL as its 1st argument",
                "estack": "CypressError: cy.visit() must be called with a URL or an options object containing a URL as its 1st argument\n    at Object.cypressErr (https://rahulshettyacademy.com/__cypress/runner/cypress_runner.js:85348:11)\n    at Object.throwErr (https://rahulshettyacademy.com/__cypress/runner/cypress_runner.js:85303:18)\n    at Object.throwErrByPath (https://rahulshettyacademy.com/__cypress/runner/cypress_runner.js:85335:17)\n    at Context.visit (https://rahulshettyacademy.com/__cypress/runner/cypress_runner.js:73719:16)\n    at https://rahulshettyacademy.com/__cypress/runner/cypress_runner.js:79783:33\n    at tryCatcher (https://rahulshettyacademy.com/__cypress/runner/cypress_runner.js:118962:23)\n    at Promise._settlePromiseFromHandler (https://rahulshettyacademy.com/__cypress/runner/cypress_runner.js:116898:31)\n    at Promise._settlePromise (https://rahulshettyacademy.com/__cypress/runner/cypress_runner.js:116955:18)\n    at Promise._settlePromiseCtx (https://rahulshettyacademy.com/__cypress/runner/cypress_runner.js:116992:10)\n    at Async../node_modules/bluebird/js/release/async.js.Async._drainQueue (https://rahulshettyacademy.com/__cypress/runner/cypress_runner.js:113692:12)\n    at Async../node_modules/bluebird/js/release/async.js.Async._drainQueues (https://rahulshettyacademy.com/__cypress/runner/cypress_runner.js:113697:10)\n    at Async.drainQueues (https://rahulshettyacademy.com/__cypress/runner/cypress_runner.js:113571:14)\n    at <anonymous>",
                "diff": null
              },
              "uuid": "14fcf1ad-a185-4053-8743-c03c8b646822",
              "parentUUID": "32f72ae2-2ca6-4712-9f60-502926c5336a",
              "isHook": false,
              "skipped": false
            }
          ],
          "suites": [],
          "passes": [],
          "failures": [
            "14fcf1ad-a185-4053-8743-c03c8b646822"
          ],
          "pending": [],
          "skipped": [],
          "duration": 17850,
          "root": false,
          "rootEmpty": false,
          "_timeout": 2000
        }
      ],
      "passes": [],
      "failures": [],
      "pending": [],
      "skipped": [],
      "duration": 0,
      "root": true,
      "rootEmpty": true,
      "_timeout": 2000
    }
  ],
  "meta": {
    "mocha": {
      "version": "5.2.0"
    },
    "mochawesome": {
      "options": {
        "quiet": false,
        "reportFilename": "mochawesome",
        "saveHtml": false,
        "saveJson": true,
        "consoleReporter": "spec",
        "useInlineDiffs": false
      },
      "version": "4.1.0"
    },
    "marge": {
      "options": {
        "reportDir": "mochawesome-report",
        "overwrite": false,
        "html": false,
        "json": true,
        "timestamp": "mmddyyyy_HHMMss"
      },
      "version": "4.0.1"
    }
  }
}