{
  "stats": {
    "suites": 1,
    "tests": 1,
    "passes": 1,
    "pending": 0,
    "failures": 0,
    "start": "2019-10-03T15:34:27.125Z",
    "end": "2019-10-03T15:34:38.198Z",
    "duration": 11073,
    "testsRegistered": 1,
    "passPercent": 100,
    "pendingPercent": 0,
    "other": 0,
    "hasOther": false,
    "skipped": 0,
    "hasSkipped": false
  },
  "results": [
    {
      "uuid": "6ebf7528-02c7-459d-84ce-8e0935a476c8",
      "title": "",
      "fullFile": "",
      "file": "",
      "beforeHooks": [],
      "afterHooks": [],
      "tests": [],
      "suites": [
        {
          "uuid": "0273f722-2f14-45e1-98d2-5a24e9c3102e",
          "title": "add two phones from data(fixtures)",
          "fullFile": "",
          "file": "",
          "beforeHooks": [],
          "afterHooks": [],
          "tests": [
            {
              "title": "total of two phones chart equal to last row grand total",
              "fullTitle": "add two phones from data(fixtures) total of two phones chart equal to last row grand total",
              "timedOut": null,
              "duration": 8446,
              "state": "passed",
              "speed": "slow",
              "pass": true,
              "fail": false,
              "pending": false,
              "context": null,
              "code": "var amount = 0; // got to Shop page\nthis.shopPage.shopNavTab.click();\nthis.data.productName.forEach(function (productName) {\n  return cy.addPhoneToCart(productName);\n});\nthis.shopPage.checkOutBtn.click(); // get the product rows slice table remove last 2 rows\nthis.shopPage.allTableRows.then(function (rows) {\n  rows = rows.slice(0, rows.length - 2);\n  rows.each(function (i, el) {\n    var total = el.querySelector(\"td:nth-child(4) strong\") && el.querySelector(\"td:nth-child(4) strong\").innerText;\n    total = parseFloat(total.replace(/\\.|₹/g, \"\").trim());\n    amount += total;\n  });\n});\nthis.shopPage.allTableRows.then(function (rows) {\n  var row = rows[rows.length - 2];\n  var grandTotal = row.querySelector(\"td:last-of-type h3 strong\").innerText;\n  grandTotal = parseFloat(grandTotal.replace(/\\.|₹/g, \"\").trim());\n  expect(amount).equal(grandTotal);\n});",
              "err": {},
              "uuid": "9dcdd0aa-bbd3-45cb-b02d-63d884afcec6",
              "parentUUID": "0273f722-2f14-45e1-98d2-5a24e9c3102e",
              "isHook": false,
              "skipped": false
            }
          ],
          "suites": [],
          "passes": [
            "9dcdd0aa-bbd3-45cb-b02d-63d884afcec6"
          ],
          "failures": [],
          "pending": [],
          "skipped": [],
          "duration": 8446,
          "root": false,
          "rootEmpty": false,
          "_timeout": 2000
        }
      ],
      "passes": [],
      "failures": [],
      "pending": [],
      "skipped": [],
      "duration": 0,
      "root": true,
      "rootEmpty": true,
      "_timeout": 2000
    }
  ],
  "meta": {
    "mocha": {
      "version": "5.2.0"
    },
    "mochawesome": {
      "options": {
        "quiet": false,
        "reportFilename": "mochawesome",
        "saveHtml": false,
        "saveJson": true,
        "consoleReporter": "spec",
        "useInlineDiffs": false
      },
      "version": "4.1.0"
    },
    "marge": {
      "options": {
        "reportDir": "mochawesome-report",
        "overwrite": false,
        "html": false,
        "json": true,
        "timestamp": "mmddyyyy_HHMMss"
      },
      "version": "4.0.1"
    }
  }
}