{
  "stats": {
    "suites": 1,
    "tests": 4,
    "passes": 4,
    "pending": 0,
    "failures": 0,
    "start": "2019-10-03T15:36:28.409Z",
    "end": "2019-10-03T15:36:53.027Z",
    "duration": 24618,
    "testsRegistered": 4,
    "passPercent": 100,
    "pendingPercent": 0,
    "other": 0,
    "hasOther": false,
    "skipped": 0,
    "hasSkipped": false
  },
  "results": [
    {
      "uuid": "6b78417d-323b-4bb1-9621-a0c3725b128f",
      "title": "",
      "fullFile": "",
      "file": "",
      "beforeHooks": [],
      "afterHooks": [],
      "tests": [],
      "suites": [
        {
          "uuid": "f50495ee-ed25-4b15-9a3e-a3733a9f1649",
          "title": "test form controls",
          "fullFile": "",
          "file": "",
          "beforeHooks": [],
          "afterHooks": [],
          "tests": [
            {
              "title": "test checkboxes",
              "fullTitle": "test form controls test checkboxes",
              "timedOut": null,
              "duration": 14119,
              "state": "passed",
              "speed": "slow",
              "pass": true,
              "fail": false,
              "pending": false,
              "context": null,
              "code": "cy.get(\"#checkBoxOption1\").as(\"check1\");\ncy.get(\"@check1\").check().should(\"be.checked\").and(\"have.value\", \"option1\");\ncy.get(\"@check1\").uncheck().should(\"not.be.checked\"); // process all checkboxes\ncy.get('input[type=\"checkbox\"]').check([\"option2\", \"option3\"]);",
              "err": {},
              "uuid": "2e741fe3-97ea-43b3-948d-041fd6f61fca",
              "parentUUID": "f50495ee-ed25-4b15-9a3e-a3733a9f1649",
              "isHook": false,
              "skipped": false
            },
            {
              "title": "test static drowpdown",
              "fullTitle": "test form controls test static drowpdown",
              "timedOut": null,
              "duration": 2865,
              "state": "passed",
              "speed": "slow",
              "pass": true,
              "fail": false,
              "pending": false,
              "context": null,
              "code": "cy.get(\"select#dropdown-class-example\").select(\"option1\").should(\"have.value\", \"option1\");",
              "err": {},
              "uuid": "8e83aaf2-da93-4146-964f-666f0f066dc8",
              "parentUUID": "f50495ee-ed25-4b15-9a3e-a3733a9f1649",
              "isHook": false,
              "skipped": false
            },
            {
              "title": "test dynamic options dropdown",
              "fullTitle": "test form controls test dynamic options dropdown",
              "timedOut": null,
              "duration": 2687,
              "state": "passed",
              "speed": "slow",
              "pass": true,
              "fail": false,
              "pending": false,
              "context": null,
              "code": "cy.get(\"input#autocomplete\").as(\"autocomplete\");\ncy.get(\"@autocomplete\").type(\"gu\");\ncy.get(\"ul#ui-id-1 li.ui-menu-item\").contains(/^Guatemala$/).click();\ncy.get(\"@autocomplete\").should(\"have.value\", \"Guatemala\");",
              "err": {},
              "uuid": "889059e7-ee6f-4b16-b897-94a4c7cbf8cd",
              "parentUUID": "f50495ee-ed25-4b15-9a3e-a3733a9f1649",
              "isHook": false,
              "skipped": false
            },
            {
              "title": "test visible/not visible elements",
              "fullTitle": "test form controls test visible/not visible elements",
              "timedOut": null,
              "duration": 2287,
              "state": "passed",
              "speed": "slow",
              "pass": true,
              "fail": false,
              "pending": false,
              "context": null,
              "code": "cy.get(\"#displayed-text\").as(\"hide-show\"); // when load, el is shown\ncy.get(\"@hide-show\").should(\"be.visible\"); // click hide button\ncy.get(\"input#hide-textbox\").click(); // hide-show el must be invisible\ncy.get(\"@hide-show\").should(\"not.be.visible\"); // click the show button\ncy.get(\"input#show-textbox\").click();\ncy.get(\"@hide-show\").should(\"be.visible\");",
              "err": {},
              "uuid": "fc874b05-89c5-43bd-857e-b5f0e6a50474",
              "parentUUID": "f50495ee-ed25-4b15-9a3e-a3733a9f1649",
              "isHook": false,
              "skipped": false
            }
          ],
          "suites": [],
          "passes": [
            "2e741fe3-97ea-43b3-948d-041fd6f61fca",
            "8e83aaf2-da93-4146-964f-666f0f066dc8",
            "889059e7-ee6f-4b16-b897-94a4c7cbf8cd",
            "fc874b05-89c5-43bd-857e-b5f0e6a50474"
          ],
          "failures": [],
          "pending": [],
          "skipped": [],
          "duration": 21958,
          "root": false,
          "rootEmpty": false,
          "_timeout": 2000
        }
      ],
      "passes": [],
      "failures": [],
      "pending": [],
      "skipped": [],
      "duration": 0,
      "root": true,
      "rootEmpty": true,
      "_timeout": 2000
    }
  ],
  "meta": {
    "mocha": {
      "version": "5.2.0"
    },
    "mochawesome": {
      "options": {
        "quiet": false,
        "reportFilename": "mochawesome",
        "saveHtml": false,
        "saveJson": true,
        "consoleReporter": "spec",
        "useInlineDiffs": false
      },
      "version": "4.1.0"
    },
    "marge": {
      "options": {
        "reportDir": "mochawesome-report",
        "overwrite": false,
        "html": false,
        "json": true,
        "timestamp": "mmddyyyy_HHMMss"
      },
      "version": "4.0.1"
    }
  }
}