{
  "stats": {
    "suites": 1,
    "tests": 1,
    "passes": 1,
    "pending": 0,
    "failures": 0,
    "start": "2019-10-03T15:37:53.962Z",
    "end": "2019-10-03T15:38:01.659Z",
    "duration": 7697,
    "testsRegistered": 1,
    "passPercent": 100,
    "pendingPercent": 0,
    "other": 0,
    "hasOther": false,
    "skipped": 0,
    "hasSkipped": false
  },
  "results": [
    {
      "uuid": "b84935dd-f752-4ee3-9b9f-159c78663ea5",
      "title": "",
      "fullFile": "",
      "file": "",
      "beforeHooks": [],
      "afterHooks": [],
      "tests": [],
      "suites": [
        {
          "uuid": "73bccf10-a930-4517-bd27-07347c63d8cd",
          "title": "Testing framework",
          "fullFile": "",
          "file": "",
          "beforeHooks": [],
          "afterHooks": [],
          "tests": [
            {
              "title": "first framework test",
              "fullTitle": "Testing framework first framework test",
              "timedOut": null,
              "duration": 5566,
              "state": "passed",
              "speed": "slow",
              "pass": true,
              "fail": false,
              "pending": false,
              "context": null,
              "code": "this.home.nameControl.type(this.data.name);\nthis.home.emailControl.type(this.data.email);\nthis.home.passControl.type(this.data.password);\nthis.home.radio1Control.check();\nthis.home.selectControl.select(this.data.gender);\nthis.home.radio2Control.check();\nthis.home.bdayControl.type(this.data.date);\nthis.home.twoWayDataBinding.should(\"have.value\", this.data.name); // name must be at least two chars length\nthis.home.nameControl.should(\"have.attr\", \"minlength\", \"2\"); // validate if radio btn Entrepreneur is disabled\nthis.home.entrepRadioBtn.should(\"be.disabled\");",
              "err": {},
              "uuid": "175f59a6-c922-429e-a2da-3803f3dddf2c",
              "parentUUID": "73bccf10-a930-4517-bd27-07347c63d8cd",
              "isHook": false,
              "skipped": false
            }
          ],
          "suites": [],
          "passes": [
            "175f59a6-c922-429e-a2da-3803f3dddf2c"
          ],
          "failures": [],
          "pending": [],
          "skipped": [],
          "duration": 5566,
          "root": false,
          "rootEmpty": false,
          "_timeout": 2000
        }
      ],
      "passes": [],
      "failures": [],
      "pending": [],
      "skipped": [],
      "duration": 0,
      "root": true,
      "rootEmpty": true,
      "_timeout": 2000
    }
  ],
  "meta": {
    "mocha": {
      "version": "5.2.0"
    },
    "mochawesome": {
      "options": {
        "quiet": false,
        "reportFilename": "mochawesome",
        "saveHtml": false,
        "saveJson": true,
        "consoleReporter": "spec",
        "useInlineDiffs": false
      },
      "version": "4.1.0"
    },
    "marge": {
      "options": {
        "reportDir": "mochawesome-report",
        "overwrite": false,
        "html": false,
        "json": true,
        "timestamp": "mmddyyyy_HHMMss"
      },
      "version": "4.0.1"
    }
  }
}